  extension.cpp
  seam.cpp
C:\Program Files (x86)\Windows Kits\10\Include\10.0.19041.0\ucrt\tgmath.h(27): warning UCRT4000: The Universal CRT implementation of tgmath.h does not conform to the C99 standard. Functionality equivalent to the type-generic functions provided by tgmath.h is available in <ctgmath> when compiling as C++. If compiling in C++17 mode or higher (/std:c++17), this header will automatically include <ctgmath> instead. You can define _CRT_SILENCE_NONCONFORMING_TGMATH_H to acknowledge that you have received this warning.
C:\Users\basti\OneDrive\Documents\GitHub\ICC-Project\seam\seam.cpp(49,15): error C3861: 'Dec_to_bin': identifier not found
C:\Users\basti\OneDrive\Documents\GitHub\ICC-Project\seam\seam.cpp(49,38): error C3861: 'Dec_to_bin': identifier not found
C:\Users\basti\OneDrive\Documents\GitHub\ICC-Project\seam\seam.cpp(49,61): error C3861: 'Dec_to_bin': identifier not found
C:\Users\basti\OneDrive\Documents\GitHub\ICC-Project\seam\seam.cpp(57,20): error C3861: 'Dec_to_bin': identifier not found
C:\Users\basti\OneDrive\Documents\GitHub\ICC-Project\seam\seam.cpp(64,27): error C2275: 'RGBImage': illegal use of this type as an expression
C:\Users\basti\OneDrive\Documents\GitHub\ICC-Project\seam\seam_types.h(6): message : see declaration of 'RGBImage'
C:\Users\basti\OneDrive\Documents\GitHub\ICC-Project\seam\seam.cpp(66,31): error C2275: 'RGBImage': illegal use of this type as an expression
C:\Users\basti\OneDrive\Documents\GitHub\ICC-Project\seam\seam_types.h(6): message : see declaration of 'RGBImage'
C:\Users\basti\OneDrive\Documents\GitHub\ICC-Project\seam\seam.cpp(68,13): error C2065: 'Graymage': undeclared identifier
C:\Users\basti\OneDrive\Documents\GitHub\ICC-Project\seam\seam.cpp(68,39): error C2275: 'RGBImage': illegal use of this type as an expression
C:\Users\basti\OneDrive\Documents\GitHub\ICC-Project\seam\seam_types.h(6): message : see declaration of 'RGBImage'
C:\Users\basti\OneDrive\Documents\GitHub\ICC-Project\seam\seam.cpp(71,8): error C2275: 'GrayImage': illegal use of this type as an expression
C:\Users\basti\OneDrive\Documents\GitHub\ICC-Project\seam\seam_types.h(7): message : see declaration of 'GrayImage'
C:\Users\basti\OneDrive\Documents\GitHub\ICC-Project\seam\seam.cpp(76,27): error C2275: 'GrayImage': illegal use of this type as an expression
C:\Users\basti\OneDrive\Documents\GitHub\ICC-Project\seam\seam_types.h(7): message : see declaration of 'GrayImage'
C:\Users\basti\OneDrive\Documents\GitHub\ICC-Project\seam\seam.cpp(78,31): error C2275: 'GrayImage': illegal use of this type as an expression
C:\Users\basti\OneDrive\Documents\GitHub\ICC-Project\seam\seam_types.h(7): message : see declaration of 'GrayImage'
C:\Users\basti\OneDrive\Documents\GitHub\ICC-Project\seam\seam.cpp(80,24): error C2059: syntax error: '['
C:\Users\basti\OneDrive\Documents\GitHub\ICC-Project\seam\seam.cpp(83,8): error C2275: 'RGBImage': illegal use of this type as an expression
C:\Users\basti\OneDrive\Documents\GitHub\ICC-Project\seam\seam_types.h(6): message : see declaration of 'RGBImage'
  Generating Code...
